2024-06-08 12:09:10,661 INFO o.a.j.u.JMeterUtils: Setting Locale to en_IN
2024-06-08 12:09:10,680 INFO o.a.j.JMeter: Loading user properties from: user.properties
2024-06-08 12:09:10,682 INFO o.a.j.JMeter: Loading system properties from: system.properties
2024-06-08 12:09:10,689 INFO o.a.j.JMeter: Copyright (c) 1998-2024 The Apache Software Foundation
2024-06-08 12:09:10,689 INFO o.a.j.JMeter: Version 5.6.3
2024-06-08 12:09:10,689 INFO o.a.j.JMeter: java.version=1.8.0_411
2024-06-08 12:09:10,689 INFO o.a.j.JMeter: java.vm.name=Java HotSpot(TM) Client VM
2024-06-08 12:09:10,689 INFO o.a.j.JMeter: os.name=Windows 11
2024-06-08 12:09:10,689 INFO o.a.j.JMeter: os.arch=x86
2024-06-08 12:09:10,689 INFO o.a.j.JMeter: os.version=10.0
2024-06-08 12:09:10,689 INFO o.a.j.JMeter: file.encoding=Cp1252
2024-06-08 12:09:10,689 INFO o.a.j.JMeter: java.awt.headless=null
2024-06-08 12:09:10,689 INFO o.a.j.JMeter: Max memory     =259522560
2024-06-08 12:09:10,689 INFO o.a.j.JMeter: Available Processors =8
2024-06-08 12:09:10,691 INFO o.a.j.JMeter: Default Locale=English (India)
2024-06-08 12:09:10,691 INFO o.a.j.JMeter: JMeter  Locale=English (India)
2024-06-08 12:09:10,691 INFO o.a.j.JMeter: JMeterHome=C:\Users\amitd\OneDrive\Desktop\apache-jmeter-5.6.3\apache-jmeter-5.6.3
2024-06-08 12:09:10,691 INFO o.a.j.JMeter: user.dir  =C:\Users\amitd\OneDrive\Desktop\apache-jmeter-5.6.3\apache-jmeter-5.6.3\bin
2024-06-08 12:09:10,692 INFO o.a.j.JMeter: PWD       =C:\Users\amitd\OneDrive\Desktop\apache-jmeter-5.6.3\apache-jmeter-5.6.3\bin
2024-06-08 12:09:10,693 INFO o.a.j.JMeter: IP: 192.168.124.78 Name: AmithDas FullName: AmithDas
2024-06-08 12:09:10,708 INFO o.a.j.JMeter: Loaded icon properties from org/apache/jmeter/images/icon.properties
2024-06-08 12:09:10,809 INFO o.a.j.JMeterGuiLauncher: Setting LAF to: com.github.weisj.darklaf.DarkLaf:com.github.weisj.darklaf.theme.IntelliJTheme
2024-06-08 12:09:11,455 INFO o.a.j.r.ClassFinder: Will scan jar C:\Users\amitd\OneDrive\Desktop\apache-jmeter-5.6.3\apache-jmeter-5.6.3\lib\ext\jmeter-parallel-0.12.jar with filter ExtendsClassFilter [parents=[interface org.apache.jmeter.gui.action.Command], inner=false, contains=null, notContains=null]. Consider exposing JMeter plugins via META-INF/services, and add JMeter-Skip-Class-Scanning=true manifest attribute so JMeter can skip classfile scanning
2024-06-08 12:09:11,467 INFO o.a.j.r.ClassFinder: Will scan jar C:\Users\amitd\OneDrive\Desktop\apache-jmeter-5.6.3\apache-jmeter-5.6.3\lib\ext\jmeter-plugins-functions-2.2.jar with filter ExtendsClassFilter [parents=[interface org.apache.jmeter.gui.action.Command], inner=false, contains=null, notContains=null]. Consider exposing JMeter plugins via META-INF/services, and add JMeter-Skip-Class-Scanning=true manifest attribute so JMeter can skip classfile scanning
2024-06-08 12:09:11,471 INFO o.a.j.r.ClassFinder: Will scan jar C:\Users\amitd\OneDrive\Desktop\apache-jmeter-5.6.3\apache-jmeter-5.6.3\lib\ext\jmeter-plugins-manager-1.10.jar with filter ExtendsClassFilter [parents=[interface org.apache.jmeter.gui.action.Command], inner=false, contains=null, notContains=null]. Consider exposing JMeter plugins via META-INF/services, and add JMeter-Skip-Class-Scanning=true manifest attribute so JMeter can skip classfile scanning
2024-06-08 12:09:11,555 INFO o.a.j.r.ClassFinder: Will scan jar C:\Users\amitd\OneDrive\Desktop\apache-jmeter-5.6.3\apache-jmeter-5.6.3\lib\ext\jmeter-plugins-dummy-0.4.jar with filter ExtendsClassFilter [parents=[interface org.apache.jmeter.gui.action.Command], inner=false, contains=null, notContains=null]. Consider exposing JMeter plugins via META-INF/services, and add JMeter-Skip-Class-Scanning=true manifest attribute so JMeter can skip classfile scanning
2024-06-08 12:09:11,560 INFO o.a.j.r.ClassFinder: Will scan jar C:\Users\amitd\OneDrive\Desktop\apache-jmeter-5.6.3\apache-jmeter-5.6.3\lib\ext\jmeter-plugins-manager-1.10 (1).jar with filter ExtendsClassFilter [parents=[interface org.apache.jmeter.gui.action.Command], inner=false, contains=null, notContains=null]. Consider exposing JMeter plugins via META-INF/services, and add JMeter-Skip-Class-Scanning=true manifest attribute so JMeter can skip classfile scanning
2024-06-08 12:09:11,601 INFO o.a.j.r.ClassFinder: Will scan jar C:\Users\amitd\OneDrive\Desktop\apache-jmeter-5.6.3\apache-jmeter-5.6.3\lib\ext\jmeter-parallel-0.12.jar with filter ExtendsClassFilter [parents=[interface org.apache.jmeter.gui.plugin.MenuCreator], inner=false, contains=null, notContains=null]. Consider exposing JMeter plugins via META-INF/services, and add JMeter-Skip-Class-Scanning=true manifest attribute so JMeter can skip classfile scanning
2024-06-08 12:09:11,602 INFO o.a.j.r.ClassFinder: Will scan jar C:\Users\amitd\OneDrive\Desktop\apache-jmeter-5.6.3\apache-jmeter-5.6.3\lib\ext\jmeter-plugins-functions-2.2.jar with filter ExtendsClassFilter [parents=[interface org.apache.jmeter.gui.plugin.MenuCreator], inner=false, contains=null, notContains=null]. Consider exposing JMeter plugins via META-INF/services, and add JMeter-Skip-Class-Scanning=true manifest attribute so JMeter can skip classfile scanning
2024-06-08 12:09:11,603 INFO o.a.j.r.ClassFinder: Will scan jar C:\Users\amitd\OneDrive\Desktop\apache-jmeter-5.6.3\apache-jmeter-5.6.3\lib\ext\jmeter-plugins-manager-1.10.jar with filter ExtendsClassFilter [parents=[interface org.apache.jmeter.gui.plugin.MenuCreator], inner=false, contains=null, notContains=null]. Consider exposing JMeter plugins via META-INF/services, and add JMeter-Skip-Class-Scanning=true manifest attribute so JMeter can skip classfile scanning
2024-06-08 12:09:11,605 INFO o.a.j.r.ClassFinder: Will scan jar C:\Users\amitd\OneDrive\Desktop\apache-jmeter-5.6.3\apache-jmeter-5.6.3\lib\ext\jmeter-plugins-dummy-0.4.jar with filter ExtendsClassFilter [parents=[interface org.apache.jmeter.gui.plugin.MenuCreator], inner=false, contains=null, notContains=null]. Consider exposing JMeter plugins via META-INF/services, and add JMeter-Skip-Class-Scanning=true manifest attribute so JMeter can skip classfile scanning
2024-06-08 12:09:11,606 INFO o.a.j.r.ClassFinder: Will scan jar C:\Users\amitd\OneDrive\Desktop\apache-jmeter-5.6.3\apache-jmeter-5.6.3\lib\ext\jmeter-plugins-manager-1.10 (1).jar with filter ExtendsClassFilter [parents=[interface org.apache.jmeter.gui.plugin.MenuCreator], inner=false, contains=null, notContains=null]. Consider exposing JMeter plugins via META-INF/services, and add JMeter-Skip-Class-Scanning=true manifest attribute so JMeter can skip classfile scanning
2024-06-08 12:09:11,645 WARN o.j.r.PluginManager: Found JAR conflict: C:\Users\amitd\OneDrive\Desktop\apache-jmeter-5.6.3\apache-jmeter-5.6.3\lib\ext\jmeter-plugins-manager-1.10.jar and C:\Users\amitd\OneDrive\Desktop\apache-jmeter-5.6.3\apache-jmeter-5.6.3\lib\ext\jmeter-plugins-manager-1.10 (1).jar
2024-06-08 12:09:11,855 INFO o.j.r.JARSourceHTTP: Found cached repo
2024-06-08 12:09:12,042 INFO o.j.r.PluginManager: Plugins Status: [jpgc-functions=2.2, jpgc-dummy=0.4, bzm-parallel=0.12, jpgc-plugins-manager=0.0.0-STOCK, jmeter-core=5.6.3, jmeter-ftp=5.6.3, jmeter-http=5.6.3, jmeter-jdbc=5.6.3, jmeter-jms=5.6.3, jmeter-junit=5.6.3, jmeter-java=5.6.3, jmeter-ldap=5.6.3, jmeter-mail=5.6.3, jmeter-mongodb=5.6.3, jmeter-native=5.6.3, jmeter-tcp=5.6.3, jmeter-components=5.6.3]
2024-06-08 12:09:12,042 INFO o.j.r.PluginManagerMenuItem: Plugins Manager has upgrades: [jpgc-plugins-manager]
2024-06-08 12:09:13,383 INFO o.a.j.p.h.s.HTTPSamplerBase: Parser for text/html is org.apache.jmeter.protocol.http.parser.LagartoBasedHtmlParser
2024-06-08 12:09:13,383 INFO o.a.j.p.h.s.HTTPSamplerBase: Parser for application/xhtml+xml is org.apache.jmeter.protocol.http.parser.LagartoBasedHtmlParser
2024-06-08 12:09:13,383 INFO o.a.j.p.h.s.HTTPSamplerBase: Parser for application/xml is org.apache.jmeter.protocol.http.parser.LagartoBasedHtmlParser
2024-06-08 12:09:13,383 INFO o.a.j.p.h.s.HTTPSamplerBase: Parser for text/xml is org.apache.jmeter.protocol.http.parser.LagartoBasedHtmlParser
2024-06-08 12:09:13,383 INFO o.a.j.p.h.s.HTTPSamplerBase: Parser for text/vnd.wap.wml is org.apache.jmeter.protocol.http.parser.RegexpHTMLParser
2024-06-08 12:09:13,383 INFO o.a.j.p.h.s.HTTPSamplerBase: Parser for text/css is org.apache.jmeter.protocol.http.parser.CssParser
2024-06-08 12:09:22,268 INFO o.a.j.s.FileServer: Default base='C:\Users\amitd\OneDrive\Desktop\apache-jmeter-5.6.3\apache-jmeter-5.6.3\bin'
2024-06-08 12:09:22,270 INFO o.a.j.g.a.Load: Loading file: C:\Users\amitd\Downloads\1 (3).jmx
2024-06-08 12:09:22,270 INFO o.a.j.s.FileServer: Set new base='C:\Users\amitd\Downloads'
2024-06-08 12:09:22,353 INFO o.a.j.s.SaveService: Testplan (JMX) version: 2.2. Testlog (JTL) version: 2.2
2024-06-08 12:09:22,362 INFO o.a.j.s.SaveService: Using SaveService properties file encoding UTF-8
2024-06-08 12:09:22,363 INFO o.a.j.s.SaveService: Using SaveService properties version 5.0
2024-06-08 12:09:22,364 INFO o.a.j.s.SaveService: Loading file: C:\Users\amitd\Downloads\1 (3).jmx
2024-06-08 12:09:22,491 INFO o.a.j.s.SampleResult: Note: Sample TimeStamps are START times
2024-06-08 12:09:22,491 INFO o.a.j.s.SampleResult: sampleresult.default.encoding is set to UTF-8
2024-06-08 12:09:22,491 INFO o.a.j.s.SampleResult: sampleresult.useNanoTime=true
2024-06-08 12:09:22,491 INFO o.a.j.s.SampleResult: sampleresult.nanoThreadSleep=5000
2024-06-08 12:09:22,564 INFO o.a.j.r.ClassFinder: Will scan jar C:\Users\amitd\OneDrive\Desktop\apache-jmeter-5.6.3\apache-jmeter-5.6.3\lib\ext\jmeter-parallel-0.12.jar with filter ExtendsClassFilter [parents=[interface org.apache.jmeter.visualizers.ResultRenderer], inner=false, contains=null, notContains=null]. Consider exposing JMeter plugins via META-INF/services, and add JMeter-Skip-Class-Scanning=true manifest attribute so JMeter can skip classfile scanning
2024-06-08 12:09:22,565 INFO o.a.j.r.ClassFinder: Will scan jar C:\Users\amitd\OneDrive\Desktop\apache-jmeter-5.6.3\apache-jmeter-5.6.3\lib\ext\jmeter-plugins-functions-2.2.jar with filter ExtendsClassFilter [parents=[interface org.apache.jmeter.visualizers.ResultRenderer], inner=false, contains=null, notContains=null]. Consider exposing JMeter plugins via META-INF/services, and add JMeter-Skip-Class-Scanning=true manifest attribute so JMeter can skip classfile scanning
2024-06-08 12:09:22,565 INFO o.a.j.r.ClassFinder: Will scan jar C:\Users\amitd\OneDrive\Desktop\apache-jmeter-5.6.3\apache-jmeter-5.6.3\lib\ext\jmeter-plugins-manager-1.10.jar with filter ExtendsClassFilter [parents=[interface org.apache.jmeter.visualizers.ResultRenderer], inner=false, contains=null, notContains=null]. Consider exposing JMeter plugins via META-INF/services, and add JMeter-Skip-Class-Scanning=true manifest attribute so JMeter can skip classfile scanning
2024-06-08 12:09:22,567 INFO o.a.j.r.ClassFinder: Will scan jar C:\Users\amitd\OneDrive\Desktop\apache-jmeter-5.6.3\apache-jmeter-5.6.3\lib\ext\jmeter-plugins-dummy-0.4.jar with filter ExtendsClassFilter [parents=[interface org.apache.jmeter.visualizers.ResultRenderer], inner=false, contains=null, notContains=null]. Consider exposing JMeter plugins via META-INF/services, and add JMeter-Skip-Class-Scanning=true manifest attribute so JMeter can skip classfile scanning
2024-06-08 12:09:22,568 INFO o.a.j.r.ClassFinder: Will scan jar C:\Users\amitd\OneDrive\Desktop\apache-jmeter-5.6.3\apache-jmeter-5.6.3\lib\ext\jmeter-plugins-manager-1.10 (1).jar with filter ExtendsClassFilter [parents=[interface org.apache.jmeter.visualizers.ResultRenderer], inner=false, contains=null, notContains=null]. Consider exposing JMeter plugins via META-INF/services, and add JMeter-Skip-Class-Scanning=true manifest attribute so JMeter can skip classfile scanning
2024-06-08 12:09:22,588 INFO o.a.j.r.ClassFinder: Will scan jar C:\Users\amitd\OneDrive\Desktop\apache-jmeter-5.6.3\apache-jmeter-5.6.3\lib\ext\jmeter-parallel-0.12.jar with filter ExtendsClassFilter [parents=[interface org.apache.jmeter.visualizers.RequestView], inner=false, contains=null, notContains=null]. Consider exposing JMeter plugins via META-INF/services, and add JMeter-Skip-Class-Scanning=true manifest attribute so JMeter can skip classfile scanning
2024-06-08 12:09:22,588 INFO o.a.j.r.ClassFinder: Will scan jar C:\Users\amitd\OneDrive\Desktop\apache-jmeter-5.6.3\apache-jmeter-5.6.3\lib\ext\jmeter-plugins-functions-2.2.jar with filter ExtendsClassFilter [parents=[interface org.apache.jmeter.visualizers.RequestView], inner=false, contains=null, notContains=null]. Consider exposing JMeter plugins via META-INF/services, and add JMeter-Skip-Class-Scanning=true manifest attribute so JMeter can skip classfile scanning
2024-06-08 12:09:22,589 INFO o.a.j.r.ClassFinder: Will scan jar C:\Users\amitd\OneDrive\Desktop\apache-jmeter-5.6.3\apache-jmeter-5.6.3\lib\ext\jmeter-plugins-manager-1.10.jar with filter ExtendsClassFilter [parents=[interface org.apache.jmeter.visualizers.RequestView], inner=false, contains=null, notContains=null]. Consider exposing JMeter plugins via META-INF/services, and add JMeter-Skip-Class-Scanning=true manifest attribute so JMeter can skip classfile scanning
2024-06-08 12:09:22,590 INFO o.a.j.r.ClassFinder: Will scan jar C:\Users\amitd\OneDrive\Desktop\apache-jmeter-5.6.3\apache-jmeter-5.6.3\lib\ext\jmeter-plugins-dummy-0.4.jar with filter ExtendsClassFilter [parents=[interface org.apache.jmeter.visualizers.RequestView], inner=false, contains=null, notContains=null]. Consider exposing JMeter plugins via META-INF/services, and add JMeter-Skip-Class-Scanning=true manifest attribute so JMeter can skip classfile scanning
2024-06-08 12:09:22,591 INFO o.a.j.r.ClassFinder: Will scan jar C:\Users\amitd\OneDrive\Desktop\apache-jmeter-5.6.3\apache-jmeter-5.6.3\lib\ext\jmeter-plugins-manager-1.10 (1).jar with filter ExtendsClassFilter [parents=[interface org.apache.jmeter.visualizers.RequestView], inner=false, contains=null, notContains=null]. Consider exposing JMeter plugins via META-INF/services, and add JMeter-Skip-Class-Scanning=true manifest attribute so JMeter can skip classfile scanning
2024-06-08 12:09:22,653 INFO o.a.j.s.FileServer: Set new base='C:\Users\amitd\Downloads'
2024-06-08 12:09:57,227 INFO o.a.j.g.a.Load: Loading file: C:\Users\amitd\Downloads\1 (4).jmx
2024-06-08 12:09:57,227 INFO o.a.j.s.FileServer: Set new base='C:\Users\amitd\Downloads'
2024-06-08 12:09:57,227 INFO o.a.j.s.SaveService: Loading file: C:\Users\amitd\Downloads\1 (4).jmx
2024-06-08 12:09:57,243 INFO o.a.j.r.ClassFinder: Will scan jar C:\Users\amitd\OneDrive\Desktop\apache-jmeter-5.6.3\apache-jmeter-5.6.3\lib\ext\jmeter-parallel-0.12.jar with filter ExtendsClassFilter [parents=[interface org.apache.jmeter.visualizers.ResultRenderer], inner=false, contains=null, notContains=null]. Consider exposing JMeter plugins via META-INF/services, and add JMeter-Skip-Class-Scanning=true manifest attribute so JMeter can skip classfile scanning
2024-06-08 12:09:57,244 INFO o.a.j.r.ClassFinder: Will scan jar C:\Users\amitd\OneDrive\Desktop\apache-jmeter-5.6.3\apache-jmeter-5.6.3\lib\ext\jmeter-plugins-functions-2.2.jar with filter ExtendsClassFilter [parents=[interface org.apache.jmeter.visualizers.ResultRenderer], inner=false, contains=null, notContains=null]. Consider exposing JMeter plugins via META-INF/services, and add JMeter-Skip-Class-Scanning=true manifest attribute so JMeter can skip classfile scanning
2024-06-08 12:09:57,244 INFO o.a.j.r.ClassFinder: Will scan jar C:\Users\amitd\OneDrive\Desktop\apache-jmeter-5.6.3\apache-jmeter-5.6.3\lib\ext\jmeter-plugins-manager-1.10.jar with filter ExtendsClassFilter [parents=[interface org.apache.jmeter.visualizers.ResultRenderer], inner=false, contains=null, notContains=null]. Consider exposing JMeter plugins via META-INF/services, and add JMeter-Skip-Class-Scanning=true manifest attribute so JMeter can skip classfile scanning
2024-06-08 12:09:57,247 INFO o.a.j.r.ClassFinder: Will scan jar C:\Users\amitd\OneDrive\Desktop\apache-jmeter-5.6.3\apache-jmeter-5.6.3\lib\ext\jmeter-plugins-dummy-0.4.jar with filter ExtendsClassFilter [parents=[interface org.apache.jmeter.visualizers.ResultRenderer], inner=false, contains=null, notContains=null]. Consider exposing JMeter plugins via META-INF/services, and add JMeter-Skip-Class-Scanning=true manifest attribute so JMeter can skip classfile scanning
2024-06-08 12:09:57,248 INFO o.a.j.r.ClassFinder: Will scan jar C:\Users\amitd\OneDrive\Desktop\apache-jmeter-5.6.3\apache-jmeter-5.6.3\lib\ext\jmeter-plugins-manager-1.10 (1).jar with filter ExtendsClassFilter [parents=[interface org.apache.jmeter.visualizers.ResultRenderer], inner=false, contains=null, notContains=null]. Consider exposing JMeter plugins via META-INF/services, and add JMeter-Skip-Class-Scanning=true manifest attribute so JMeter can skip classfile scanning
2024-06-08 12:09:57,260 INFO o.a.j.r.ClassFinder: Will scan jar C:\Users\amitd\OneDrive\Desktop\apache-jmeter-5.6.3\apache-jmeter-5.6.3\lib\ext\jmeter-parallel-0.12.jar with filter ExtendsClassFilter [parents=[interface org.apache.jmeter.visualizers.RequestView], inner=false, contains=null, notContains=null]. Consider exposing JMeter plugins via META-INF/services, and add JMeter-Skip-Class-Scanning=true manifest attribute so JMeter can skip classfile scanning
2024-06-08 12:09:57,260 INFO o.a.j.r.ClassFinder: Will scan jar C:\Users\amitd\OneDrive\Desktop\apache-jmeter-5.6.3\apache-jmeter-5.6.3\lib\ext\jmeter-plugins-functions-2.2.jar with filter ExtendsClassFilter [parents=[interface org.apache.jmeter.visualizers.RequestView], inner=false, contains=null, notContains=null]. Consider exposing JMeter plugins via META-INF/services, and add JMeter-Skip-Class-Scanning=true manifest attribute so JMeter can skip classfile scanning
2024-06-08 12:09:57,261 INFO o.a.j.r.ClassFinder: Will scan jar C:\Users\amitd\OneDrive\Desktop\apache-jmeter-5.6.3\apache-jmeter-5.6.3\lib\ext\jmeter-plugins-manager-1.10.jar with filter ExtendsClassFilter [parents=[interface org.apache.jmeter.visualizers.RequestView], inner=false, contains=null, notContains=null]. Consider exposing JMeter plugins via META-INF/services, and add JMeter-Skip-Class-Scanning=true manifest attribute so JMeter can skip classfile scanning
2024-06-08 12:09:57,262 INFO o.a.j.r.ClassFinder: Will scan jar C:\Users\amitd\OneDrive\Desktop\apache-jmeter-5.6.3\apache-jmeter-5.6.3\lib\ext\jmeter-plugins-dummy-0.4.jar with filter ExtendsClassFilter [parents=[interface org.apache.jmeter.visualizers.RequestView], inner=false, contains=null, notContains=null]. Consider exposing JMeter plugins via META-INF/services, and add JMeter-Skip-Class-Scanning=true manifest attribute so JMeter can skip classfile scanning
2024-06-08 12:09:57,263 INFO o.a.j.r.ClassFinder: Will scan jar C:\Users\amitd\OneDrive\Desktop\apache-jmeter-5.6.3\apache-jmeter-5.6.3\lib\ext\jmeter-plugins-manager-1.10 (1).jar with filter ExtendsClassFilter [parents=[interface org.apache.jmeter.visualizers.RequestView], inner=false, contains=null, notContains=null]. Consider exposing JMeter plugins via META-INF/services, and add JMeter-Skip-Class-Scanning=true manifest attribute so JMeter can skip classfile scanning
2024-06-08 12:09:57,291 INFO o.a.j.s.FileServer: Set new base='C:\Users\amitd\Downloads'
